<?xml version="1.0" encoding="UTF-8"?>
<!-- Generated by org.testng.reporters.JUnitXMLReporter -->
<testsuite ignored="0" hostname="Hppavilion15" failures="0" tests="7" name="Test" time="38.678" errors="0" timestamp="2024-12-19T17:05:00 IST">
  <testcase classname="testng.OrangeHtmTest" name="openapp" time="32.299"/>
  <testcase classname="testng.OrangeHtmTest" name="testLogo" time="4.764"/>
  <testcase classname="testng.OrangeHtmTest" name="testLogin" time="1.106"/>
  <testcase classname="testng.OrangeHtmTest" name="testLogout" time="0.434"/>
  <testcase classname="testng.FirstTestCase" name="login" time="0.005"/>
  <testcase classname="testng.FirstTestCase" name="openapp" time="0.002"/>
  <testcase classname="testng.FirstTestCase" name="logout" time="0.002"/>
</testsuite> <!-- Test -->
